<?xml version="1.0" encoding="UTF-8"?>
<!-- Generated by org.testng.reporters.JUnitXMLReporter -->
<testsuite ignored="0" hostname="DESKTOP-KFKI563" failures="2" tests="5" name="Failed1" time="0.151" errors="0" timestamp="2022-06-14T18:24:29 ALMT">
  <testcase classname="xmlStudy.Mytest2" name="mymethod" time="0.017"/>
  <testcase classname="xmlStudy.Mytest2" name="mymethodl" time="0.007">
    <failure type="java.lang.AssertionError" message="null">
      <![CDATA[java.lang.AssertionError: null
at xmlStudy.Mytest2.mymethodl(Mytest2.java:14)
at java.base/java.util.ArrayList.forEach(ArrayList.java:1541)
... Removed 29 stack frames]]>
    </failure>
  </testcase> <!-- mymethodl -->
  <testcase classname="xmlStudy.Mytest2" name="mymethodm" time="0.005"/>
  <testcase classname="xmlStudy.Mytest2" name="mymethodn" time="0.005"/>
  <testcase classname="xmlStudy.Mytest2" name="mymethodo" time="0.001">
    <failure type="java.lang.AssertionError" message="null">
      <![CDATA[java.lang.AssertionError: null
at xmlStudy.Mytest2.mymethodo(Mytest2.java:28)
at java.base/java.util.ArrayList.forEach(ArrayList.java:1541)
... Removed 29 stack frames]]>
    </failure>
  </testcase> <!-- mymethodo -->
</testsuite> <!-- Failed1 -->
