<?xml version="1.0" encoding="UTF-8"?>
<!-- Generated by org.testng.reporters.JUnitXMLReporter -->
<testsuite ignored="7" hostname="DESKTOP-KFKI563" failures="0" tests="2" name="Test" time="0.119" errors="0" timestamp="2022-06-14T17:45:42 ALMT">
  <testcase classname="xmlStudy.MyTest3" name="g" time="0.021"/>
  <testcase classname="xmlStudy.Mytest2" name="mymethodn" time="0.005"/>
  <testcase classname="xmlStudy.Mytest2" name="mymethodo" time="0.0">
    <ignored/>
  </testcase> <!-- mymethodo -->
  <testcase classname="xmlStudy.Mytest2" name="mymethodm" time="0.0">
    <ignored/>
  </testcase> <!-- mymethodm -->
  <testcase classname="xmlStudy.MyTest3" name="mymethodb" time="0.0">
    <ignored/>
  </testcase> <!-- mymethodb -->
  <testcase classname="xmlStudy.Mytest2" name="mymethodl" time="0.0">
    <ignored/>
  </testcase> <!-- mymethodl -->
  <testcase classname="xmlStudy.Mytest2" name="mymethod" time="0.0">
    <ignored/>
  </testcase> <!-- mymethod -->
  <testcase classname="xmlStudy.MyTest3" name="mymethodc" time="0.0">
    <ignored/>
  </testcase> <!-- mymethodc -->
  <testcase classname="xmlStudy.MyTest3" name="mymethodf" time="0.0">
    <ignored/>
  </testcase> <!-- mymethodf -->
</testsuite> <!-- Test -->
